<?xml version="1.0" encoding="UTF-8"?>
<!-- Generated by org.testng.reporters.JUnitXMLReporter -->
<testsuite hostname="OCI-RITSQJMTST" ignored="0" name="COS05_RegularStock Test" tests="4" failures="0" timestamp="07 Oct 2020 02:26:20 GMT" time="117.764" errors="0">
  <testcase name="RegularStocks" time="3.572" classname="com.cosacs.TestCases.COS05_RegularStock"/>
  <testcase name="CreateRegularStock" time="21.309" classname="com.cosacs.TestCases.COS05_RegularStock"/>
  <testcase name="ProductDetails" time="81.463" classname="com.cosacs.TestCases.COS05_RegularStock"/>
  <testcase name="ProductEnquiry" time="5.546" classname="com.cosacs.TestCases.COS05_RegularStock"/>
</testsuite> <!-- COS05_RegularStock Test -->
