<?xml version="1.0" encoding="UTF-8"?>
<!-- Generated by org.testng.reporters.JUnitXMLReporter -->
<testsuite hostname="OCI-RITSQJMTST" ignored="0" name="COS09_ComboProductCreation" tests="2" failures="0" timestamp="06 Oct 2020 12:36:19 GMT" time="165.815" errors="0">
  <testcase name="ComboProduct" time="151.715" classname="com.cosacs.TestCases.COS09_ComboProductCreation"/>
  <testcase name="CreateCombo" time="7.997" classname="com.cosacs.TestCases.COS09_ComboProductCreation"/>
</testsuite> <!-- COS09_ComboProductCreation -->
