<?xml version="1.0" encoding="UTF-8"?>
<!-- Generated by org.testng.reporters.JUnitXMLReporter -->
<testsuite hostname="OCI-RITSQJMTST" ignored="0" name="COS04_LocalVendorCreation Test" tests="2" failures="0" timestamp="08 Oct 2020 05:35:53 GMT" time="36.656" errors="0">
  <testcase name="createVendor_Test" time="22.39" classname="com.cosacs.TestCases.COS04_LocalVendorCreation"/>
  <testcase name="SearchVendor_Test" time="8.301" classname="com.cosacs.TestCases.COS04_LocalVendorCreation"/>
</testsuite> <!-- COS04_LocalVendorCreation Test -->
