<?xml version="1.0" encoding="UTF-8"?>
<!-- Generated by org.testng.reporters.JUnitXMLReporter -->
<testsuite hostname="OCI-RITSQJMTST" ignored="0" name="COS01_LocationCreation Test" tests="2" failures="0" timestamp="08 Oct 2020 05:35:15 GMT" time="27.659" errors="0">
  <testcase name="createLocation_Test" time="12.187" classname="com.cosacs.TestCases.COS01_LocationCreation"/>
  <testcase name="searchLocation_Test" time="7.549" classname="com.cosacs.TestCases.COS01_LocationCreation"/>
</testsuite> <!-- COS01_LocationCreation Test -->
