<?xml version="1.0" encoding="UTF-8"?>
<!-- Generated by org.testng.reporters.JUnitXMLReporter -->
<testsuite hostname="OCI-RITSQJMTST" ignored="0" name="COS06_LocalProductCreation" tests="2" failures="0" timestamp="06 Oct 2020 13:32:32 GMT" time="91.604" errors="0">
  <testcase name="LocalProduct" time="4.977" classname="com.cosacs.TestCases.COS06_LocalProductCreation"/>
  <testcase name="createLocationForm" time="80.663" classname="com.cosacs.TestCases.COS06_LocalProductCreation"/>
</testsuite> <!-- COS06_LocalProductCreation -->
