<?xml version="1.0" encoding="UTF-8"?>
<!-- Generated by org.testng.reporters.JUnitXMLReporter -->
<testsuite hostname="OCI-RITSQJMTST" ignored="0" name="COS16_StockRequisitionProcess" tests="3" failures="0" timestamp="06 Oct 2020 12:42:46 GMT" time="30.097" errors="0">
  <testcase name="StockRequisition" time="1.369" classname="com.cosacs.TestCases.COS16_StockRequisitionProcess"/>
  <testcase name="createStockRequisition" time="12.257" classname="com.cosacs.TestCases.COS16_StockRequisitionProcess"/>
  <testcase name="SearchStockRequisition" time="10.438" classname="com.cosacs.TestCases.COS16_StockRequisitionProcess"/>
</testsuite> <!-- COS16_StockRequisitionProcess -->
