<?xml version="1.0" encoding="UTF-8"?>
<!-- Generated by org.testng.reporters.JUnitXMLReporter -->
<testsuite hostname="OCI-RITSQJMTST" ignored="0" name="COS15_StockAllocation" tests="3" failures="0" timestamp="06 Oct 2020 13:34:34 GMT" time="24.729" errors="0">
  <testcase name="StockAllocation" time="2.419" classname="com.cosacs.TestCases.COS15_StockAllocation"/>
  <testcase name="createStockAllocation" time="11.112" classname="com.cosacs.TestCases.COS15_StockAllocation"/>
  <testcase name="SearchStockAllocation" time="5.286" classname="com.cosacs.TestCases.COS15_StockAllocation"/>
</testsuite> <!-- COS15_StockAllocation -->
