<?xml version="1.0" encoding="UTF-8"?>
<!-- Generated by org.testng.reporters.JUnitXMLReporter -->
<testsuite hostname="OCI-RITSQJMTST" ignored="0" name="COS14_PurchaseOrder" tests="2" failures="0" timestamp="07 Oct 2020 02:03:53 GMT" time="57.625" errors="0">
  <testcase name="PurchaseOrder" time="44.211" classname="com.cosacs.TestCases.COS14_PurchaseOrder"/>
  <testcase name="PurchaseOrderSearch" time="5.094" classname="com.cosacs.TestCases.COS14_PurchaseOrder"/>
</testsuite> <!-- COS14_PurchaseOrder -->
