<?xml version="1.0" encoding="UTF-8"?>
<!-- Generated by org.testng.reporters.JUnitXMLReporter -->
<testsuite hostname="OCI-RITSQJMTST" ignored="0" name="COS10_SparePartsProductCreation" tests="2" failures="0" timestamp="07 Oct 2020 15:46:05 GMT" time="63.766" errors="0">
  <testcase name="saprePartCreation" time="17.086" classname="com.cosacs.TestCases.COS10_SparePartsProductCreation"/>
  <testcase name="verifysaprePartCreation" time="35.889" classname="com.cosacs.TestCases.COS10_SparePartsProductCreation"/>
</testsuite> <!-- COS10_SparePartsProductCreation -->
