<?xml version="1.0" encoding="UTF-8"?>
<!-- Generated by org.testng.reporters.JUnitXMLReporter -->
<testsuite hostname="OCI-RITSQJMTST" ignored="0" name="COS13_NewNonStockCreation" tests="6" failures="0" timestamp="07 Oct 2020 12:49:20 GMT" time="123.836" errors="0">
  <testcase name="NonStock" time="5.768" classname="com.cosacs.TestCases.COS13_NonStockProductCreation"/>
  <testcase name="NonStockCreation" time="10.497" classname="com.cosacs.TestCases.COS13_NonStockProductCreation"/>
  <testcase name="SearchNonStocks" time="24.494" classname="com.cosacs.TestCases.COS13_NonStockProductCreation"/>
  <testcase name="NonStockProduct" time="39.686" classname="com.cosacs.TestCases.COS13_NonStockProductCreation"/>
  <testcase name="NonStockPromotion" time="22.98" classname="com.cosacs.TestCases.COS13_NonStockProductCreation"/>
  <testcase name="NonstockExports" time="12.514" classname="com.cosacs.TestCases.COS13_NonStockProductCreation"/>
</testsuite> <!-- COS13_NewNonStockCreation -->
