<?xml version="1.0" encoding="UTF-8"?>
<!-- Generated by org.testng.reporters.JUnitXMLReporter -->
<testsuite hostname="OCI-RITSQJMTST" ignored="0" name="COS20_HomeDelivery Test" tests="5" failures="0" timestamp="07 Oct 2020 12:02:53 GMT" time="106.449" errors="0">
  <testcase name="Picking" time="36.435" classname="com.cosacs.TestCases.COS20_HomeDelivery"/>
  <testcase name="SearchPicklist" time="28.542" classname="com.cosacs.TestCases.COS20_HomeDelivery"/>
  <testcase name="Scheduling" time="22.193" classname="com.cosacs.TestCases.COS20_HomeDelivery"/>
  <testcase name="SearchDeliverySchedules" time="5.354" classname="com.cosacs.TestCases.COS20_HomeDelivery"/>
  <testcase name="SearchShipments" time="5.965" classname="com.cosacs.TestCases.COS20_HomeDelivery"/>
</testsuite> <!-- COS20_HomeDelivery Test -->
