<?xml version="1.0" encoding="UTF-8"?>
<!-- Generated by org.testng.reporters.JUnitXMLReporter -->
<testsuite hostname="OCI-RITSQJMTST" ignored="0" name="COS50_WarrantyPromotions Test" tests="2" failures="0" timestamp="07 Oct 2020 14:06:16 GMT" time="28.539" errors="0">
  <testcase name="WarrantyPromotions" time="1.383" classname="com.cosacs.TestCases.COS50_WarrantyPromotions"/>
  <testcase name="WarrantyPromotionsServices" time="18.634" classname="com.cosacs.TestCases.COS50_WarrantyPromotions"/>
</testsuite> <!-- COS50_WarrantyPromotions Test -->
