<?xml version="1.0" encoding="UTF-8"?>
<!-- Generated by org.testng.reporters.JUnitXMLReporter -->
<testsuite hostname="OCI-RITSQJMTST" ignored="0" name="COS66_Service_SupplierContractualCosts Test" tests="1" failures="1" timestamp="07 Oct 2020 12:20:22 GMT" time="28.16" errors="0">
  <testcase name="SupplierContractualCosts" time="20.028" classname="com.cosacs.TestCases.COS66_Service_SupplierContractualCosts">
    <failure type="java.lang.NullPointerException">
      <![CDATA[java.lang.NullPointerException
at com.cosacs.PageObject.Library$Interaction.click(Library.java:120)
at com.cosacs.TestCases.COS66_Service_SupplierContractualCosts.SupplierContractualCosts(COS66_Service_SupplierContractualCosts.java:102)
... Removed 25 stack frames]]>
    </failure>
  </testcase> <!-- SupplierContractualCosts -->
</testsuite> <!-- COS66_Service_SupplierContractualCosts Test -->
