<?xml version="1.0" encoding="UTF-8"?>
<!-- Generated by org.testng.reporters.JUnitXMLReporter -->
<testsuite hostname="OCI-RITSQJMTST" ignored="0" name="COS60_Search_MyJobs Test" tests="2" failures="0" timestamp="07 Oct 2020 12:53:21 GMT" time="168.892" errors="0">
  <testcase name="SearchMyJobs" time="7.541" classname="com.cosacs.TestCases.COS60_Search_MyJobs"/>
  <testcase name="SearchMyJobsPage" time="153.495" classname="com.cosacs.TestCases.COS60_Search_MyJobs"/>
</testsuite> <!-- COS60_Search_MyJobs Test -->
