<?xml version="1.0" encoding="UTF-8"?>
<!-- Generated by org.testng.reporters.JUnitXMLReporter -->
<testsuite hostname="OCI-RITSQJMTST" ignored="0" name="COS61_TechnicianPayments Test" tests="2" failures="0" timestamp="07 Oct 2020 12:53:46 GMT" time="40.894" errors="0">
  <testcase name="TechnicianPayments" time="9.109" classname="com.cosacs.TestCases.COS61_TechnicianPayments"/>
  <testcase name="TechnicianPaymentsPage" time="24.034" classname="com.cosacs.TestCases.COS61_TechnicianPayments"/>
</testsuite> <!-- COS61_TechnicianPayments Test -->
