<?xml version="1.0" encoding="UTF-8"?>
<!-- Generated by org.testng.reporters.JUnitXMLReporter -->
<testsuite hostname="OCI-RITSQJMTST" ignored="0" name="COS_53_SalesSystemConf Test" tests="3" failures="0" timestamp="07 Oct 2020 11:45:25 GMT" time="65.378" errors="0">
  <testcase name="Provide_TestData_In_SalesSystemConfigPage_Test" time="16.894" classname="com.cosacs.TestCases.COS_53_SalesSystemConf"/>
  <testcase name="Generate_SalesReceipt_Test" time="25.459" classname="com.cosacs.TestCases.COS_53_SalesSystemConf"/>
  <testcase name="ReEnter_All_TestDataProvided_Test" time="15.159" classname="com.cosacs.TestCases.COS_53_SalesSystemConf"/>
</testsuite> <!-- COS_53_SalesSystemConf Test -->
