<?xml version="1.0" encoding="UTF-8"?>
<!-- Generated by org.testng.reporters.JUnitXMLReporter -->
<testsuite hostname="OCI-RITSQJMTST" ignored="0" name="COS_26_Pointofsales Test" tests="5" failures="0" timestamp="07 Oct 2020 11:15:06 GMT" time="50.73" errors="0">
  <testcase name="SearchForTheProduct_AddRandomProducts_Test" time="11.971" classname="com.cosacs.TestCases.COS_26_Pointofsales"/>
  <testcase name="Add_CustomerDetails_Test" time="2.772" classname="com.cosacs.TestCases.COS_26_Pointofsales"/>
  <testcase name="Validate_AddedProduct_And_UnitCost_Test" time="5.134" classname="com.cosacs.TestCases.COS_26_Pointofsales"/>
  <testcase name="Make_Payment_And_GenerateInvoiceNumber_Test" time="15.514" classname="com.cosacs.TestCases.COS_26_Pointofsales"/>
  <testcase name="Validate_Generated_InvoiceNumber_Test" time="6.775" classname="com.cosacs.TestCases.COS_26_Pointofsales"/>
</testsuite> <!-- COS_26_Pointofsales Test -->
